<?xml version="1.0" encoding="UTF-8"?>
<!-- Generated by org.testng.reporters.JUnitReportReporter -->
<testsuite hostname="MSI" failures="0" tests="1" name="CRUD_operation.CreateProjectTest" time="1.104" errors="0" timestamp="2022-09-23T10:48:34 IST" skipped="0">
  <testcase classname="CRUD_operation.CreateProjectTest" name="createProjectTest" time="1.104"/>
  <system-out/>
</testsuite> <!-- CRUD_operation.CreateProjectTest -->
